Determining if the pthread_create exist failed with the following output:
Change Dir: /home/falicia/Desktop/slam/build/CMakeFiles/CMakeTmp

Run Build Command:"/usr/bin/make" "cmTC_d88a8/fast"
/usr/bin/make -f CMakeFiles/cmTC_d88a8.dir/build.make CMakeFiles/cmTC_d88a8.dir/build
make[1]: Entering directory '/home/falicia/Desktop/slam/build/CMakeFiles/CMakeTmp'
Building C object CMakeFiles/cmTC_d88a8.dir/CheckSymbolExists.c.o
/usr/bin/cc    -o CMakeFiles/cmTC_d88a8.dir/CheckSymbolExists.c.o   -c /home/falicia/Desktop/slam/build/CMakeFiles/CMakeTmp/CheckSymbolExists.c
Linking C executable cmTC_d88a8
/usr/bin/cmake -E cmake_link_script CMakeFiles/cmTC_d88a8.dir/link.txt --verbose=1
/usr/bin/cc      -rdynamic CMakeFiles/cmTC_d88a8.dir/CheckSymbolExists.c.o  -o cmTC_d88a8 
CMakeFiles/cmTC_d88a8.dir/CheckSymbolExists.c.o: In function `main':
CheckSymbolExists.c:(.text+0x1b): undefined reference to `pthread_create'
collect2: error: ld returned 1 exit status
CMakeFiles/cmTC_d88a8.dir/build.make:97: recipe for target 'cmTC_d88a8' failed
make[1]: *** [cmTC_d88a8] Error 1
make[1]: Leaving directory '/home/falicia/Desktop/slam/build/CMakeFiles/CMakeTmp'
Makefile:126: recipe for target 'cmTC_d88a8/fast' failed
make: *** [cmTC_d88a8/fast] Error 2

File /home/falicia/Desktop/slam/build/CMakeFiles/CMakeTmp/CheckSymbolExists.c:
/* */
#include <pthread.h>

int main(int argc, char** argv)
{
  (void)argv;
#ifndef pthread_create
  return ((int*)(&pthread_create))[argc];
#else
  (void)argc;
  return 0;
#endif
}

Determining if the function pthread_create exists in the pthreads failed with the following output:
Change Dir: /home/falicia/Desktop/slam/build/CMakeFiles/CMakeTmp

Run Build Command:"/usr/bin/make" "cmTC_35b8d/fast"
/usr/bin/make -f CMakeFiles/cmTC_35b8d.dir/build.make CMakeFiles/cmTC_35b8d.dir/build
make[1]: Entering directory '/home/falicia/Desktop/slam/build/CMakeFiles/CMakeTmp'
Building C object CMakeFiles/cmTC_35b8d.dir/CheckFunctionExists.c.o
/usr/bin/cc   -DCHECK_FUNCTION_EXISTS=pthread_create   -o CMakeFiles/cmTC_35b8d.dir/CheckFunctionExists.c.o   -c /usr/share/cmake-3.10/Modules/CheckFunctionExists.c
Linking C executable cmTC_35b8d
/usr/bin/cmake -E cmake_link_script CMakeFiles/cmTC_35b8d.dir/link.txt --verbose=1
/usr/bin/cc  -DCHECK_FUNCTION_EXISTS=pthread_create    -rdynamic CMakeFiles/cmTC_35b8d.dir/CheckFunctionExists.c.o  -o cmTC_35b8d -lpthreads 
/usr/bin/ld: cannot find -lpthreads
collect2: error: ld returned 1 exit status
CMakeFiles/cmTC_35b8d.dir/build.make:97: recipe for target 'cmTC_35b8d' failed
make[1]: *** [cmTC_35b8d] Error 1
make[1]: Leaving directory '/home/falicia/Desktop/slam/build/CMakeFiles/CMakeTmp'
Makefile:126: recipe for target 'cmTC_35b8d/fast' failed
make: *** [cmTC_35b8d/fast] Error 2


Determining if the Q_WS_WIN exist failed with the following output:
Change Dir: /home/falicia/Desktop/slam/build/CMakeFiles/CMakeTmp

Run Build Command:"/usr/bin/make" "cmTC_86cfa/fast"
make[1]: Entering directory '/home/falicia/Desktop/slam/build/CMakeFiles/CMakeTmp'
/usr/bin/make -f CMakeFiles/cmTC_86cfa.dir/build.make CMakeFiles/cmTC_86cfa.dir/build
make[2]: Entering directory '/home/falicia/Desktop/slam/build/CMakeFiles/CMakeTmp'
Building CXX object CMakeFiles/cmTC_86cfa.dir/CheckSymbolExists.cxx.o
/usr/bin/c++   -I/usr/include/qt4   -o CMakeFiles/cmTC_86cfa.dir/CheckSymbolExists.cxx.o -c /home/falicia/Desktop/slam/build/CMakeFiles/CMakeTmp/CheckSymbolExists.cxx
/home/falicia/Desktop/slam/build/CMakeFiles/CMakeTmp/CheckSymbolExists.cxx: In function ‘int main(int, char**)’:
/home/falicia/Desktop/slam/build/CMakeFiles/CMakeTmp/CheckSymbolExists.cxx:8:19: error: ‘Q_WS_WIN’ was not declared in this scope
   return ((int*)(&Q_WS_WIN))[argc];
                   ^~~~~~~~
/home/falicia/Desktop/slam/build/CMakeFiles/CMakeTmp/CheckSymbolExists.cxx:8:19: note: suggested alternative: ‘Q_WS_X11’
   return ((int*)(&Q_WS_WIN))[argc];
                   ^~~~~~~~
                   Q_WS_X11
CMakeFiles/cmTC_86cfa.dir/build.make:65: recipe for target 'CMakeFiles/cmTC_86cfa.dir/CheckSymbolExists.cxx.o' failed
make[2]: *** [CMakeFiles/cmTC_86cfa.dir/CheckSymbolExists.cxx.o] Error 1
make[2]: Leaving directory '/home/falicia/Desktop/slam/build/CMakeFiles/CMakeTmp'
Makefile:126: recipe for target 'cmTC_86cfa/fast' failed
make[1]: *** [cmTC_86cfa/fast] Error 2
make[1]: Leaving directory '/home/falicia/Desktop/slam/build/CMakeFiles/CMakeTmp'

File /home/falicia/Desktop/slam/build/CMakeFiles/CMakeTmp/CheckSymbolExists.cxx:
/* */
#include <QtCore/qglobal.h>

int main(int argc, char** argv)
{
  (void)argv;
#ifndef Q_WS_WIN
  return ((int*)(&Q_WS_WIN))[argc];
#else
  (void)argc;
  return 0;
#endif
}

Determining if the Q_WS_QWS exist failed with the following output:
Change Dir: /home/falicia/Desktop/slam/build/CMakeFiles/CMakeTmp

Run Build Command:"/usr/bin/make" "cmTC_b383f/fast"
make[1]: Entering directory '/home/falicia/Desktop/slam/build/CMakeFiles/CMakeTmp'
/usr/bin/make -f CMakeFiles/cmTC_b383f.dir/build.make CMakeFiles/cmTC_b383f.dir/build
make[2]: Entering directory '/home/falicia/Desktop/slam/build/CMakeFiles/CMakeTmp'
Building CXX object CMakeFiles/cmTC_b383f.dir/CheckSymbolExists.cxx.o
/usr/bin/c++   -I/usr/include/qt4   -o CMakeFiles/cmTC_b383f.dir/CheckSymbolExists.cxx.o -c /home/falicia/Desktop/slam/build/CMakeFiles/CMakeTmp/CheckSymbolExists.cxx
/home/falicia/Desktop/slam/build/CMakeFiles/CMakeTmp/CheckSymbolExists.cxx: In function ‘int main(int, char**)’:
/home/falicia/Desktop/slam/build/CMakeFiles/CMakeTmp/CheckSymbolExists.cxx:8:19: error: ‘Q_WS_QWS’ was not declared in this scope
   return ((int*)(&Q_WS_QWS))[argc];
                   ^~~~~~~~
/home/falicia/Desktop/slam/build/CMakeFiles/CMakeTmp/CheckSymbolExists.cxx:8:19: note: suggested alternative: ‘Q_WS_X11’
   return ((int*)(&Q_WS_QWS))[argc];
                   ^~~~~~~~
                   Q_WS_X11
CMakeFiles/cmTC_b383f.dir/build.make:65: recipe for target 'CMakeFiles/cmTC_b383f.dir/CheckSymbolExists.cxx.o' failed
make[2]: *** [CMakeFiles/cmTC_b383f.dir/CheckSymbolExists.cxx.o] Error 1
make[2]: Leaving directory '/home/falicia/Desktop/slam/build/CMakeFiles/CMakeTmp'
Makefile:126: recipe for target 'cmTC_b383f/fast' failed
make[1]: *** [cmTC_b383f/fast] Error 2
make[1]: Leaving directory '/home/falicia/Desktop/slam/build/CMakeFiles/CMakeTmp'

File /home/falicia/Desktop/slam/build/CMakeFiles/CMakeTmp/CheckSymbolExists.cxx:
/* */
#include <QtCore/qglobal.h>

int main(int argc, char** argv)
{
  (void)argv;
#ifndef Q_WS_QWS
  return ((int*)(&Q_WS_QWS))[argc];
#else
  (void)argc;
  return 0;
#endif
}

Determining if the Q_WS_MAC exist failed with the following output:
Change Dir: /home/falicia/Desktop/slam/build/CMakeFiles/CMakeTmp

Run Build Command:"/usr/bin/make" "cmTC_50134/fast"
make[1]: Entering directory '/home/falicia/Desktop/slam/build/CMakeFiles/CMakeTmp'
/usr/bin/make -f CMakeFiles/cmTC_50134.dir/build.make CMakeFiles/cmTC_50134.dir/build
make[2]: Entering directory '/home/falicia/Desktop/slam/build/CMakeFiles/CMakeTmp'
Building CXX object CMakeFiles/cmTC_50134.dir/CheckSymbolExists.cxx.o
/usr/bin/c++   -I/usr/include/qt4   -o CMakeFiles/cmTC_50134.dir/CheckSymbolExists.cxx.o -c /home/falicia/Desktop/slam/build/CMakeFiles/CMakeTmp/CheckSymbolExists.cxx
/home/falicia/Desktop/slam/build/CMakeFiles/CMakeTmp/CheckSymbolExists.cxx: In function ‘int main(int, char**)’:
/home/falicia/Desktop/slam/build/CMakeFiles/CMakeTmp/CheckSymbolExists.cxx:8:19: error: ‘Q_WS_MAC’ was not declared in this scope
   return ((int*)(&Q_WS_MAC))[argc];
                   ^~~~~~~~
/home/falicia/Desktop/slam/build/CMakeFiles/CMakeTmp/CheckSymbolExists.cxx:8:19: note: suggested alternative: ‘Q_WS_X11’
   return ((int*)(&Q_WS_MAC))[argc];
                   ^~~~~~~~
                   Q_WS_X11
CMakeFiles/cmTC_50134.dir/build.make:65: recipe for target 'CMakeFiles/cmTC_50134.dir/CheckSymbolExists.cxx.o' failed
make[2]: *** [CMakeFiles/cmTC_50134.dir/CheckSymbolExists.cxx.o] Error 1
make[2]: Leaving directory '/home/falicia/Desktop/slam/build/CMakeFiles/CMakeTmp'
Makefile:126: recipe for target 'cmTC_50134/fast' failed
make[1]: *** [cmTC_50134/fast] Error 2
make[1]: Leaving directory '/home/falicia/Desktop/slam/build/CMakeFiles/CMakeTmp'

File /home/falicia/Desktop/slam/build/CMakeFiles/CMakeTmp/CheckSymbolExists.cxx:
/* */
#include <QtCore/qglobal.h>

int main(int argc, char** argv)
{
  (void)argv;
#ifndef Q_WS_MAC
  return ((int*)(&Q_WS_MAC))[argc];
#else
  (void)argc;
  return 0;
#endif
}

